Log file open, 11/11/17 17:51:37
LogWindows: Failed to load 'aqProf.dll' (GetLastError=126)
LogWindows: File 'aqProf.dll' does not exist
LogWindows: Failed to load 'VtuneApi.dll' (GetLastError=126)
LogWindows: File 'VtuneApi.dll' does not exist
LogWindows: Failed to load 'VtuneApi32e.dll' (GetLastError=126)
LogWindows: File 'VtuneApi32e.dll' does not exist
LogInit: Display: Running engine for game: Code_Day_Fall_2017
LogPlatformFile: Not using cached read wrapper
LogInit: Display: RandInit(-277209645) SRandInit(-277209645).
LogInit: Read version file with build ID '3709383'
LogInit: Overriding engine version to CL 3709383, compatible CL 3709383
LogInit: Registered custom module enumerator with build ID '3709383'
LogTaskGraph: Started task graph with 5 named threads and 14 total threads with 3 sets of task threads.
LogStats: Stats thread started at 0.145860
LogD3D11RHI: Aftermath initialized
LogModuleManager: Display: Found up-to-date module file ../../../Engine/Plugins/2D/Paper2D/Binaries/Win64/UE4Editor-Paper2D.dll (API version 3709383).
LogModuleManager: Display: Found up-to-date module file ../../../Engine/Plugins/2D/Paper2D/Binaries/Win64/UE4Editor-Paper2DEditor.dll (API version 3709383).
LogModuleManager: Display: Found up-to-date module file ../../../Engine/Plugins/2D/Paper2D/Binaries/Win64/UE4Editor-PaperSpriteSheetImporter.dll (API version 3709383).
LogModuleManager: Display: Found up-to-date module file ../../../Engine/Plugins/2D/Paper2D/Binaries/Win64/UE4Editor-PaperTiledImporter.dll (API version 3709383).
LogModuleManager: Display: Found up-to-date module file ../../../Engine/Plugins/2D/Paper2D/Binaries/Win64/UE4Editor-SmartSnapping.dll (API version 3709383).
LogModuleManager: Display: Found up-to-date module file ../../../Engine/Plugins/Blendables/LightPropagationVolume/Binaries/Win64/UE4Editor-LightPropagationVolumeRuntime.dll (API version 3709383).
LogModuleManager: Display: Found up-to-date module file ../../../Engine/Plugins/Blendables/LightPropagationVolume/Binaries/Win64/UE4Editor-LightPropagationVolumeEditor.dll (API version 3709383).
LogModuleManager: Display: Found up-to-date module file ../../../Engine/Plugins/Developer/GitSourceControl/Binaries/Win64/UE4Editor-GitSourceControl.dll (API version 3709383).
LogModuleManager: Display: Found up-to-date module file ../../../Engine/Plugins/Developer/PerforceSourceControl/Binaries/Win64/UE4Editor-PerforceSourceControl.dll (API version 3709383).
LogModuleManager: Display: Found up-to-date module file ../../../Engine/Plugins/Developer/SubversionSourceControl/Binaries/Win64/UE4Editor-SubversionSourceControl.dll (API version 3709383).
LogModuleManager: Display: Found up-to-date module file ../../../Engine/Plugins/Developer/UObjectPlugin/Binaries/Win64/UE4Editor-UObjectPlugin.dll (API version 3709383).
LogModuleManager: Display: Found up-to-date module file ../../../Engine/Plugins/Developer/VisualStudioCodeSourceCodeAccess/Binaries/Win64/UE4Editor-VisualStudioCodeSourceCodeAccess.dll (API version 3709383).
LogModuleManager: Display: Found up-to-date module file ../../../Engine/Plugins/Developer/VisualStudioSourceCodeAccess/Binaries/Win64/UE4Editor-VisualStudioSourceCodeAccess.dll (API version 3709383).
LogModuleManager: Display: Found up-to-date module file ../../../Engine/Plugins/Editor/AssetManagerEditor/Binaries/Win64/UE4Editor-AssetManagerEditor.dll (API version 3709383).
LogModuleManager: Display: Found up-to-date module file ../../../Engine/Plugins/Editor/AudioCapture/Binaries/Win64/UE4Editor-AudioCapture.dll (API version 3709383).
LogModuleManager: Display: Found up-to-date module file ../../../Engine/Plugins/Editor/FacialAnimation/Binaries/Win64/UE4Editor-FacialAnimation.dll (API version 3709383).
LogModuleManager: Display: Found up-to-date module file ../../../Engine/Plugins/Editor/FacialAnimation/Binaries/Win64/UE4Editor-FacialAnimationEditor.dll (API version 3709383).
LogModuleManager: Display: Found up-to-date module file ../../../Engine/Plugins/Editor/GameplayTagsEditor/Binaries/Win64/UE4Editor-GameplayTagsEditor.dll (API version 3709383).
LogModuleManager: Display: Found up-to-date module file ../../../Engine/Plugins/Editor/MobileLauncherProfileWizard/Binaries/Win64/UE4Editor-MobileLauncherProfileWizard.dll (API version 3709383).
LogModuleManager: Display: Found up-to-date module file ../../../Engine/Plugins/Editor/PluginBrowser/Binaries/Win64/UE4Editor-PluginBrowser.dll (API version 3709383).
LogModuleManager: Display: Found up-to-date module file ../../../Engine/Plugins/Editor/SpeedTreeImporter/Binaries/Win64/UE4Editor-SpeedTreeImporter.dll (API version 3709383).
LogModuleManager: Display: Found up-to-date module file ../../../Engine/Plugins/Experimental/AlembicImporter/Binaries/Win64/UE4Editor-AlembicImporter.dll (API version 3709383).
LogModuleManager: Display: Found up-to-date module file ../../../Engine/Plugins/Experimental/AlembicImporter/Binaries/Win64/UE4Editor-AlembicLibrary.dll (API version 3709383).
LogModuleManager: Display: Found up-to-date module file ../../../Engine/Plugins/Experimental/CharacterAI/Binaries/Win64/UE4Editor-CharacterAI.dll (API version 3709383).
LogModuleManager: Display: Found up-to-date module file ../../../Engine/Plugins/Experimental/HTML5Networking/Binaries/Win64/UE4Editor-HTML5Networking.dll (API version 3709383).
LogModuleManager: Display: Found up-to-date module file ../../../Engine/Plugins/Media/AndroidMedia/Binaries/Win64/UE4Editor-AndroidMediaEditor.dll (API version 3709383).
LogModuleManager: Display: Found up-to-date module file ../../../Engine/Plugins/Media/AndroidMedia/Binaries/Win64/UE4Editor-AndroidMediaFactory.dll (API version 3709383).
LogModuleManager: Display: Found up-to-date module file ../../../Engine/Plugins/Media/AvfMedia/Binaries/Win64/UE4Editor-AvfMediaEditor.dll (API version 3709383).
LogModuleManager: Display: Found up-to-date module file ../../../Engine/Plugins/Media/AvfMedia/Binaries/Win64/UE4Editor-AvfMediaFactory.dll (API version 3709383).
LogModuleManager: Display: Found up-to-date module file ../../../Engine/Plugins/Media/AvfMedia/Binaries/Win64/UE4Editor-AvfMediaFactory.dll (API version 3709383).
LogModuleManager: Display: Found up-to-date module file ../../../Engine/Plugins/Media/ImgMedia/Binaries/Win64/UE4Editor-ImgMedia.dll (API version 3709383).
LogModuleManager: Display: Found up-to-date module file ../../../Engine/Plugins/Media/ImgMedia/Binaries/Win64/UE4Editor-ImgMediaEditor.dll (API version 3709383).
LogModuleManager: Display: Found up-to-date module file ../../../Engine/Plugins/Media/ImgMedia/Binaries/Win64/UE4Editor-ImgMediaFactory.dll (API version 3709383).
LogModuleManager: Display: Found up-to-date module file ../../../Engine/Plugins/Media/ImgMedia/Binaries/Win64/UE4Editor-ImgMediaFactory.dll (API version 3709383).
LogModuleManager: Display: Found up-to-date module file ../../../Engine/Plugins/Media/ImgMedia/Binaries/Win64/UE4Editor-OpenExrWrapper.dll (API version 3709383).
LogModuleManager: Display: Found up-to-date module file ../../../Engine/Plugins/Media/MediaCompositing/Binaries/Win64/UE4Editor-MediaCompositing.dll (API version 3709383).
LogModuleManager: Display: Found up-to-date module file ../../../Engine/Plugins/Media/MediaCompositing/Binaries/Win64/UE4Editor-MediaCompositingEditor.dll (API version 3709383).
LogModuleManager: Display: Found up-to-date module file ../../../Engine/Plugins/Media/MediaPlayerEditor/Binaries/Win64/UE4Editor-MediaPlayerEditor.dll (API version 3709383).
LogModuleManager: Display: Found up-to-date module file ../../../Engine/Plugins/Media/WmfMedia/Binaries/Win64/UE4Editor-WmfMedia.dll (API version 3709383).
LogModuleManager: Display: Found up-to-date module file ../../../Engine/Plugins/Media/WmfMedia/Binaries/Win64/UE4Editor-WmfMediaEditor.dll (API version 3709383).
LogModuleManager: Display: Found up-to-date module file ../../../Engine/Plugins/Media/WmfMedia/Binaries/Win64/UE4Editor-WmfMediaFactory.dll (API version 3709383).
LogModuleManager: Display: Found up-to-date module file ../../../Engine/Plugins/Media/WmfMedia/Binaries/Win64/UE4Editor-WmfMediaFactory.dll (API version 3709383).
LogModuleManager: Display: Found up-to-date module file ../../../Engine/Plugins/Messaging/TcpMessaging/Binaries/Win64/UE4Editor-TcpMessaging.dll (API version 3709383).
LogModuleManager: Display: Found up-to-date module file ../../../Engine/Plugins/Messaging/UdpMessaging/Binaries/Win64/UE4Editor-UdpMessaging.dll (API version 3709383).
LogModuleManager: Display: Found up-to-date module file ../../../Engine/Plugins/MovieScene/ActorSequence/Binaries/Win64/UE4Editor-ActorSequence.dll (API version 3709383).
LogModuleManager: Display: Found up-to-date module file ../../../Engine/Plugins/MovieScene/LevelSequenceEditor/Binaries/Win64/UE4Editor-LevelSequenceEditor.dll (API version 3709383).
LogModuleManager: Display: Found up-to-date module file ../../../Engine/Plugins/MovieScene/MatineeToLevelSequence/Binaries/Win64/UE4Editor-MatineeToLevelSequence.dll (API version 3709383).
LogModuleManager: Display: Found up-to-date module file ../../../Engine/Plugins/Online/OnlineSubsystem/Binaries/Win64/UE4Editor-OnlineSubsystem.dll (API version 3709383).
LogModuleManager: Display: Found up-to-date module file ../../../Engine/Plugins/Runtime/AndroidPermission/Binaries/Win64/UE4Editor-AndroidPermission.dll (API version 3709383).
LogModuleManager: Display: Found up-to-date module file ../../../Engine/Plugins/Online/OnlineSubsystemNull/Binaries/Win64/UE4Editor-OnlineSubsystemNull.dll (API version 3709383).
LogModuleManager: Display: Found up-to-date module file ../../../Engine/Plugins/Online/OnlineSubsystemUtils/Binaries/Win64/UE4Editor-OnlineSubsystemUtils.dll (API version 3709383).
LogModuleManager: Display: Found up-to-date module file ../../../Engine/Plugins/Online/OnlineSubsystemUtils/Binaries/Win64/UE4Editor-OnlineBlueprintSupport.dll (API version 3709383).
LogModuleManager: Display: Found up-to-date module file ../../../Engine/Plugins/Runtime/AndroidDeviceProfileSelector/Binaries/Win64/UE4Editor-AndroidDeviceProfileSelector.dll (API version 3709383).
LogModuleManager: Display: Found up-to-date module file ../../../Engine/Plugins/Runtime/AppleARKit/Binaries/Win64/UE4Editor-AppleARKit.dll (API version 3709383).
LogModuleManager: Display: Found up-to-date module file ../../../Engine/Plugins/Runtime/ArchVisCharacter/Binaries/Win64/UE4Editor-ArchVisCharacter.dll (API version 3709383).
LogModuleManager: Display: Found up-to-date module file ../../../Engine/Plugins/Runtime/CableComponent/Binaries/Win64/UE4Editor-CableComponent.dll (API version 3709383).
LogModuleManager: Display: Found up-to-date module file ../../../Engine/Plugins/Runtime/CustomMeshComponent/Binaries/Win64/UE4Editor-CustomMeshComponent.dll (API version 3709383).
LogModuleManager: Display: Found up-to-date module file ../../../Engine/Plugins/Runtime/ExampleDeviceProfileSelector/Binaries/Win64/UE4Editor-ExampleDeviceProfileSelector.dll (API version 3709383).
LogModuleManager: Display: Found up-to-date module file ../../../Engine/Plugins/Runtime/ImmediatePhysics/Binaries/Win64/UE4Editor-ImmediatePhysics.dll (API version 3709383).
LogModuleManager: Display: Found up-to-date module file ../../../Engine/Plugins/Runtime/ImmediatePhysics/Binaries/Win64/UE4Editor-ImmediatePhysicsEditor.dll (API version 3709383).
LogModuleManager: Display: Found up-to-date module file ../../../Engine/Plugins/Runtime/LocationServicesBPLibrary/Binaries/Win64/UE4Editor-LocationServicesBPLibrary.dll (API version 3709383).
LogModuleManager: Display: Found up-to-date module file ../../../Engine/Plugins/Runtime/MobilePatchingUtils/Binaries/Win64/UE4Editor-MobilePatchingUtils.dll (API version 3709383).
LogModuleManager: Display: Found up-to-date module file ../../../Engine/Plugins/Runtime/Oculus/OculusVR/Binaries/Win64/UE4Editor-OculusHMD.dll (API version 3709383).
LogModuleManager: Display: Found up-to-date module file ../../../Engine/Plugins/Runtime/Oculus/OculusVR/Binaries/Win64/UE4Editor-OculusInput.dll (API version 3709383).
LogModuleManager: Display: Found up-to-date module file ../../../Engine/Plugins/Runtime/Oculus/OculusVR/Binaries/Win64/UE4Editor-OculusEditor.dll (API version 3709383).
LogModuleManager: Display: Found up-to-date module file ../../../Engine/Plugins/Runtime/PhysXVehicles/Binaries/Win64/UE4Editor-PhysXVehicles.dll (API version 3709383).
LogModuleManager: Display: Found up-to-date module file ../../../Engine/Plugins/Runtime/PhysXVehicles/Binaries/Win64/UE4Editor-PhysXVehiclesEditor.dll (API version 3709383).
LogModuleManager: Display: Found up-to-date module file ../../../Engine/Plugins/Runtime/ProceduralMeshComponent/Binaries/Win64/UE4Editor-ProceduralMeshComponent.dll (API version 3709383).
LogModuleManager: Display: Found up-to-date module file ../../../Engine/Plugins/Runtime/ProceduralMeshComponent/Binaries/Win64/UE4Editor-ProceduralMeshComponentEditor.dll (API version 3709383).
LogModuleManager: Display: Found up-to-date module file ../../../Engine/Plugins/Runtime/RuntimePhysXCooking/Binaries/Win64/UE4Editor-RuntimePhysXCooking.dll (API version 3709383).
LogModuleManager: Display: Found up-to-date module file ../../../Engine/Plugins/Runtime/Steam/SteamVR/Binaries/Win64/UE4Editor-SteamVR.dll (API version 3709383).
LogModuleManager: Display: Found up-to-date module file ../../../Engine/Plugins/Runtime/Steam/SteamVR/Binaries/Win64/UE4Editor-SteamVRController.dll (API version 3709383).
LogModuleManager: Display: Found up-to-date module file ../../../Engine/Plugins/Runtime/WindowsMoviePlayer/Binaries/Win64/UE4Editor-WindowsMoviePlayer.dll (API version 3709383).
LogPluginManager: Mounting plugin Paper2D
LogPluginManager: Mounting plugin LightPropagationVolume
LogPluginManager: Mounting plugin CodeLiteSourceCodeAccess
LogPluginManager: Mounting plugin GitSourceControl
LogPluginManager: Mounting plugin KDevelopSourceCodeAccess
LogPluginManager: Mounting plugin NullSourceCodeAccess
LogPluginManager: Mounting plugin PerforceSourceControl
LogPluginManager: Mounting plugin SubversionSourceControl
LogPluginManager: Mounting plugin UObjectPlugin
LogPluginManager: Mounting plugin VisualStudioCodeSourceCodeAccess
LogPluginManager: Mounting plugin VisualStudioSourceCodeAccess
LogPluginManager: Mounting plugin XCodeSourceCodeAccess
LogPluginManager: Mounting plugin AssetManagerEditor
LogPluginManager: Mounting plugin AudioCapture
LogPluginManager: Mounting plugin FacialAnimation
LogPluginManager: Mounting plugin GameplayTagsEditor
LogPluginManager: Mounting plugin MobileLauncherProfileWizard
LogPluginManager: Mounting plugin PluginBrowser
LogPluginManager: Mounting plugin SpeedTreeImporter
LogPluginManager: Mounting plugin AlembicImporter
LogPluginManager: Mounting plugin CharacterAI
LogPluginManager: Mounting plugin HTML5Networking
LogPluginManager: Mounting plugin AndroidMedia
LogPluginManager: Mounting plugin AvfMedia
LogPluginManager: Mounting plugin ImgMedia
LogPluginManager: Mounting plugin MediaCompositing
LogPluginManager: Mounting plugin MediaPlayerEditor
LogPluginManager: Mounting plugin WmfMedia
LogPluginManager: Mounting plugin TcpMessaging
LogPluginManager: Mounting plugin UdpMessaging
LogPluginManager: Mounting plugin ActorSequence
LogPluginManager: Mounting plugin LevelSequenceEditor
LogPluginManager: Mounting plugin MatineeToLevelSequence
LogPluginManager: Mounting plugin OnlineSubsystemGooglePlay
LogPluginManager: Mounting plugin OnlineSubsystemIOS
LogPluginManager: Mounting plugin OnlineSubsystem
LogPluginManager: Mounting plugin OnlineSubsystemNull
LogPluginManager: Mounting plugin OnlineSubsystemUtils
LogPluginManager: Mounting plugin AndroidDeviceProfileSelector
LogPluginManager: Mounting plugin AndroidMoviePlayer
LogPluginManager: Mounting plugin AndroidPermission
LogPluginManager: Mounting plugin AppleARKit
LogPluginManager: Mounting plugin AppleMoviePlayer
LogPluginManager: Mounting plugin ArchVisCharacter
LogPluginManager: Mounting plugin CableComponent
LogPluginManager: Mounting plugin CustomMeshComponent
LogPluginManager: Mounting plugin ExampleDeviceProfileSelector
LogPluginManager: Mounting plugin GoogleCloudMessaging
LogPluginManager: Mounting plugin ImmediatePhysics
LogPluginManager: Mounting plugin IOSDeviceProfileSelector
LogPluginManager: Mounting plugin LinuxDeviceProfileSelector
LogPluginManager: Mounting plugin LocationServicesBPLibrary
LogPluginManager: Mounting plugin MobilePatchingUtils
LogPluginManager: Mounting plugin OculusVR
LogPluginManager: Plugin shader directory ../../../Engine/Plugins/Runtime/Oculus/OculusVR/Shaders found
LogPluginManager: Mapping shader source directory ../../../Engine/Plugins/Runtime/Oculus/OculusVR/Shaders to virtual directory /Plugin/OculusVR
LogPluginManager: Mounting plugin PhysXVehicles
LogPluginManager: Mounting plugin ProceduralMeshComponent
LogPluginManager: Mounting plugin RuntimePhysXCooking
LogPluginManager: Mounting plugin SteamVR
LogPluginManager: Mounting plugin WindowsMoviePlayer
LogInit: Using libcurl 7.47.1
LogInit:  - built for x86_64-pc-win32
LogInit:  - supports SSL with OpenSSL/1.0.2g
LogInit:  - supports HTTP deflate (compression) using libz 1.2.8
LogInit:  - other features:
LogInit:      CURL_VERSION_SSL
LogInit:      CURL_VERSION_LIBZ
LogInit:      CURL_VERSION_IPV6
LogInit:      CURL_VERSION_ASYNCHDNS
LogInit:      CURL_VERSION_LARGEFILE
LogInit:      CURL_VERSION_IDN
LogInit:  CurlRequestOptions (configurable via config and command line):
LogInit:  - bVerifyPeer = false  - Libcurl will NOT verify peer certificate
LogInit:  - bUseHttpProxy = false  - Libcurl will NOT use HTTP proxy
LogInit:  - bDontReuseConnections = false  - Libcurl will reuse connections
LogInit:  - CertBundlePath = nullptr  - Libcurl will use whatever was configured at build time.
LogInit: Build: ++UE4+Release-4.18-CL-3709383
LogInit: Engine Version: 4.18.0-3709383+++UE4+Release-4.18
LogInit: Compatible Engine Version: 4.18.0-3709383+++UE4+Release-4.18
LogInit: Net CL: 3709383
LogDevObjectVersion: Number of dev versions registered: 16
LogDevObjectVersion:   Dev-Blueprints (B0D832E4-1F89-4F0D-ACCF-7EB736FD4AA2): 10
LogDevObjectVersion:   Dev-Build (E1C64328-A22C-4D53-A36C-8E866417BD8C): 0
LogDevObjectVersion:   Dev-Core (375EC13C-06E4-48FB-B500-84F0262A717E): 2
LogDevObjectVersion:   Dev-Editor (E4B068ED-F494-42E9-A231-DA0B2E46BB41): 20
LogDevObjectVersion:   Dev-Framework (CFFC743F-43B0-4480-9391-14DF171D2073): 30
LogDevObjectVersion:   Dev-Mobile (B02B49B5-BB20-44E9-A304-32B752E40360): 0
LogDevObjectVersion:   Dev-Networking (A4E4105C-59A1-49B5-A7C5-40C4547EDFEE): 0
LogDevObjectVersion:   Dev-Online (39C831C9-5AE6-47DC-9A44-9C173E1C8E7C): 0
LogDevObjectVersion:   Dev-Physics (78F01B33-EBEA-4F98-B9B4-84EACCB95AA2): 0
LogDevObjectVersion:   Dev-Platform (6631380F-2D4D-43E0-8009-CF276956A95A): 0
LogDevObjectVersion:   Dev-Rendering (12F88B9F-8875-4AFC-A67C-D90C383ABD29): 20
LogDevObjectVersion:   Dev-Sequencer (7B5AE74C-D270-4C10-A958-57980B212A5A): 4
LogDevObjectVersion:   Dev-VR (D7296918-1DD6-4BDD-9DE2-64A83CC13884): 0
LogDevObjectVersion:   Dev-LoadTimes (C2A15278-BFE7-4AFE-6C17-90FF531DF755): 1
LogDevObjectVersion:   Private-Geometry (6EACA3D4-40EC-4CC1-B786-8BED09428FC5): 1
LogDevObjectVersion:   Dev-AnimPhys (29E575DD-E0A3-4627-9D10-D276232CDCEA): 12
LogInit: Compiled (64-bit): Oct 20 2017 10:39:19
LogInit: Compiled with Visual C++: 19.00.24215.01
LogInit: Build Configuration: Development
LogInit: Branch Name: ++UE4+Release-4.18
LogInit: Command line: -EpicPortal 
LogInit: Base directory: E:/Program Files/Epic Games/UE_4.18/Engine/Binaries/Win64/
LogInit: Installed Engine Build: 1
LogInit: Presizing for max 8388607 objects, including 0 objects not considered by GC, pre-allocating 0 bytes for permanent pool.
LogInit: Object subsystem initialized
[2017.11.11-23.51.38:667][  0]LogInit: Selected Device Profile: [Windows]
[2017.11.11-23.51.38:667][  0]LogInit: Applying CVar settings loaded from the selected device profile: [Windows]
[2017.11.11-23.51.38:696][  0]LogInit: Computer: BIGBOYBIG
[2017.11.11-23.51.38:696][  0]LogInit: User: User
[2017.11.11-23.51.38:696][  0]LogInit: CPU Page size=4096, Cores=4
[2017.11.11-23.51.38:696][  0]LogInit: High frequency timer resolution =4.101564 MHz
[2017.11.11-23.51.38:696][  0]LogMemory: Memory total: Physical=23.9GB (24GB approx)
[2017.11.11-23.51.38:696][  0]LogMemory: Platform Memory Stats for Windows
[2017.11.11-23.51.38:696][  0]LogMemory: Process Physical Memory: 272.48 MB used, 272.48 MB peak
[2017.11.11-23.51.38:696][  0]LogMemory: Process Virtual Memory: 271.67 MB used, 271.67 MB peak
[2017.11.11-23.51.38:696][  0]LogMemory: Physical Memory: 11116.14 MB used,  13384.72 MB free, 24500.86 MB total
[2017.11.11-23.51.38:696][  0]LogMemory: Virtual Memory: 646.05 MB used,  13384.72 MB free, 134217728.00 MB total
[2017.11.11-23.51.38:766][  0]LogInit: Using OS detected language (en-US).
[2017.11.11-23.51.38:766][  0]LogInit: Using OS detected locale (en-US).
[2017.11.11-23.51.38:767][  0]LogTextLocalizationManager: No specific localization for 'en-US' exists, so the 'en' localization will be used.
[2017.11.11-23.51.39:033][  0]LogInit: Setting process to per monitor DPI aware
[2017.11.11-23.51.39:171][  0]LogD3D11RHI: D3D11 adapters:
[2017.11.11-23.51.39:594][  0]LogD3D11RHI:    0. 'NVIDIA GeForce GTX 1060 6GB' (Feature Level 11_0)
[2017.11.11-23.51.39:594][  0]LogD3D11RHI:       6046/0/12250 MB DedicatedVideo/DedicatedSystem/SharedSystem, Outputs:2, VendorId:0x10de
[2017.11.11-23.51.39:595][  0]LogD3D11RHI:    1. 'Microsoft Basic Render Driver' (Feature Level 11_0)
[2017.11.11-23.51.39:595][  0]LogD3D11RHI:       0/0/12250 MB DedicatedVideo/DedicatedSystem/SharedSystem, Outputs:0, VendorId:0x1414
[2017.11.11-23.51.39:595][  0]LogD3D11RHI: Chosen D3D11 Adapter: 0
[2017.11.11-23.51.39:600][  0]LogD3D11RHI: Creating new Direct3DDevice
[2017.11.11-23.51.39:600][  0]LogD3D11RHI:     GPU DeviceId: 0x1c03 (for the marketing name, search the web for "GPU Device Id")
[2017.11.11-23.51.39:600][  0]LogWindows: EnumDisplayDevices:
[2017.11.11-23.51.39:600][  0]LogWindows:    0. 'NVIDIA GeForce GTX 1060 6GB' (P:0 D:1)
[2017.11.11-23.51.39:600][  0]LogWindows:    1. 'NVIDIA GeForce GTX 1060 6GB' (P:1 D:1)
[2017.11.11-23.51.39:600][  0]LogWindows:    2. 'NVIDIA GeForce GTX 1060 6GB' (P:0 D:0)
[2017.11.11-23.51.39:600][  0]LogWindows:    3. 'NVIDIA GeForce GTX 1060 6GB' (P:0 D:0)
[2017.11.11-23.51.39:600][  0]LogWindows: DebugString: FoundDriverCount:4 
[2017.11.11-23.51.39:600][  0]LogD3D11RHI:     Adapter Name: NVIDIA GeForce GTX 1060 6GB
[2017.11.11-23.51.39:600][  0]LogD3D11RHI:   Driver Version: 385.69 (internal:22.21.13.8569, unified:385.69)
[2017.11.11-23.51.39:600][  0]LogD3D11RHI:      Driver Date: 9-16-2017
[2017.11.11-23.51.39:600][  0]LogRHI: Texture pool is 4232 MB (70% of 6046 MB)
[2017.11.11-23.51.40:007][  0]LogD3D11RHI: Async texture creation enabled
[2017.11.11-23.51.40:088][  0]LogD3D11RHI: GPU Timing Frequency: 1000.000000 (Debug: 2 1)
[2017.11.11-23.51.40:184][  0]LogShaderCompilers: Guid format shader working directory is 0 characters bigger than the processId version (C:/Users/User/Desktop/codeday/CodeDayFall2017/Intermediate/Shaders/WorkingDirectory/8404/).
[2017.11.11-23.51.40:184][  0]LogShaderCompilers: Cleaned the shader compiler working directory 'C:/Users/User/AppData/Local/Temp/UnrealShaderWorkingDir/40016B704ABA7F3649543982B957CA91/'.
[2017.11.11-23.51.40:184][  0]LogShaderCompilers: Display: Using Local Shader Compiler.
[2017.11.11-23.51.40:723][  0]LogTemp: Display: Loaded TP AllDesktopTargetPlatform
[2017.11.11-23.51.40:750][  0]LogTemp: Display: Loaded TP MacClientTargetPlatform
[2017.11.11-23.51.40:776][  0]LogTemp: Display: Loaded TP MacNoEditorTargetPlatform
[2017.11.11-23.51.40:803][  0]LogTemp: Display: Loaded TP MacServerTargetPlatform
[2017.11.11-23.51.40:830][  0]LogTemp: Display: Loaded TP MacTargetPlatform
[2017.11.11-23.51.40:856][  0]LogTemp: Display: Loaded TP WindowsClientTargetPlatform
[2017.11.11-23.51.40:883][  0]LogTemp: Display: Loaded TP WindowsNoEditorTargetPlatform
[2017.11.11-23.51.40:910][  0]LogTemp: Display: Loaded TP WindowsServerTargetPlatform
[2017.11.11-23.51.40:933][  0]LogTemp: Display: Loaded TP WindowsTargetPlatform
[2017.11.11-23.51.40:958][  0]LogTemp: Display: Loaded TP Android_ASTCTargetPlatform
[2017.11.11-23.51.40:984][  0]LogTemp: Display: Loaded TP Android_ATCTargetPlatform
[2017.11.11-23.51.41:010][  0]LogTemp: Display: Loaded TP Android_DXTTargetPlatform
[2017.11.11-23.51.41:036][  0]LogTemp: Display: Loaded TP Android_ETC1TargetPlatform
[2017.11.11-23.51.41:061][  0]LogTemp: Display: Loaded TP Android_ETC2TargetPlatform
[2017.11.11-23.51.41:114][  0]LogTemp: Display: Loaded TP Android_MultiTargetPlatform
[2017.11.11-23.51.41:114][  0]LogTemp: Display: Loaded TP Android_PVRTCTargetPlatform
[2017.11.11-23.51.41:140][  0]LogTemp: Display: Loaded TP AndroidTargetPlatform
[2017.11.11-23.51.41:160][  0]LogTemp: Display: Loaded TP HTML5TargetPlatform
[2017.11.11-23.51.41:216][  0]LogTemp: Display: Loaded TP IOSTargetPlatform
[2017.11.11-23.51.41:237][  0]LogTemp: Display: Loaded TP TVOSTargetPlatform
[2017.11.11-23.51.41:263][  0]LogTemp: Display: Loaded TP LinuxClientTargetPlatform
[2017.11.11-23.51.41:289][  0]LogTemp: Display: Loaded TP LinuxNoEditorTargetPlatform
[2017.11.11-23.51.41:314][  0]LogTemp: Display: Loaded TP LinuxServerTargetPlatform
[2017.11.11-23.51.41:340][  0]LogTemp: Display: Loaded TP LinuxTargetPlatform
[2017.11.11-23.51.41:340][  0]LogTargetPlatformManager: Display: Building Assets For Windows
[2017.11.11-23.51.41:568][  0]LogDerivedDataCache: Display: Max Cache Size: 512 MB
[2017.11.11-23.51.41:623][  0]LogDerivedDataCache: Loaded boot cache 0.05s 69MB C:/Users/User/AppData/Local/UnrealEngine/4.18/DerivedDataCache/Boot.ddc.
[2017.11.11-23.51.41:623][  0]LogDerivedDataCache: Display: Loaded Boot cache: C:/Users/User/AppData/Local/UnrealEngine/4.18/DerivedDataCache/Boot.ddc
[2017.11.11-23.51.41:623][  0]LogDerivedDataCache: FDerivedDataBackendGraph:  Pak pak cache file C:/Users/User/Desktop/codeday/CodeDayFall2017/DerivedDataCache/DDC.ddp not found, will not use a pak cache.
[2017.11.11-23.51.41:623][  0]LogDerivedDataCache: Unable to find inner node Pak for hierarchical cache Hierarchy.
[2017.11.11-23.51.41:623][  0]LogDerivedDataCache: FDerivedDataBackendGraph:  CompressedPak pak cache file C:/Users/User/Desktop/codeday/CodeDayFall2017/DerivedDataCache/Compressed.ddp not found, will not use a pak cache.
[2017.11.11-23.51.41:623][  0]LogDerivedDataCache: Unable to find inner node CompressedPak for hierarchical cache Hierarchy.
[2017.11.11-23.51.41:633][  0]LogDerivedDataCache: Display: Pak cache opened for reading ../../../Engine/DerivedDataCache/Compressed.ddp.
[2017.11.11-23.51.41:644][  0]LogDerivedDataCache: Using Local data cache path C:/Users/User/AppData/Local/UnrealEngine/Common/DerivedDataCache: Writable
[2017.11.11-23.51.41:653][  0]LogMaterial: Verifying Global Shaders for PCD3D_SM5
[2017.11.11-23.51.41:653][  0]LogSlate: Using Freetype 2.6.0
[2017.11.11-23.51.41:653][  0]LogSlate: SlateFontCache - WITH_FREETYPE: 1, WITH_HARFBUZZ: 1
[2017.11.11-23.51.41:653][  0]LogSlate: SlateFontCache - WITH_FREETYPE: 1, WITH_HARFBUZZ: 1
[2017.11.11-23.51.41:869][  0]LogInit: Selected Device Profile: [Windows]
[2017.11.11-23.51.42:044][  0]LogSimplygon: Simplygon DLL not present - disabling.
[2017.11.11-23.51.42:063][  0]LogMeshReduction: Using SimplygonSwarm for distributed automatic mesh merging
[2017.11.11-23.51.42:063][  0]LogMeshReduction: Using QuadricMeshReduction for automatic static mesh reduction
[2017.11.11-23.51.42:063][  0]LogMeshReduction: No automatic skeletal mesh reduction module available
[2017.11.11-23.51.42:063][  0]LogMeshReduction: No automatic mesh merging module available
[2017.11.11-23.51.42:063][  0]LogMeshMerging: No automatic mesh merging module available
[2017.11.11-23.51.42:081][  0]LogNetVersion: Code_Day_Fall_2017 , NetCL: 3709383, EngineNetVer: 2, GameNetVer: 0 (Checksum: 3491796489)
[2017.11.11-23.51.42:182][  0]LogAssetRegistry: FAssetRegistry took 0.0238 seconds to start up
[2017.11.11-23.51.42:486][  0]LogPackageLocalizationCache: Processed 7 localized package path(s) for 2 prioritized culture(s) in 0.042872 seconds
[2017.11.11-23.51.42:490][  0]LogUObjectArray: 35900 objects as part of root set at end of initial load.
[2017.11.11-23.51.42:490][  0]LogUObjectAllocator: 7372016 out of 0 bytes used by permanent object pool.
[2017.11.11-23.51.42:490][  0]LogUObjectArray: CloseDisregardForGC: 0/0 objects in disregard for GC pool
[2017.11.11-23.51.42:515][  0]LogInit: WinSock: version 1.1 (2.2), MaxSocks=32767, MaxUdp=65467
[2017.11.11-23.51.44:023][  0]LogTcpMessaging: Initializing TcpMessaging bridge
[2017.11.11-23.51.44:049][  0]LogUdpMessaging: Initializing bridge on interface 0.0.0.0:0 to multicast group 230.0.0.1:6666.
[2017.11.11-23.51.44:433][  0]LogMaterial: Uniform references updated for custom material expression Custom.
[2017.11.11-23.51.44:653][  0]SourceControl: Source control is disabled
[2017.11.11-23.51.45:110][  0]LogAndroidPermission: UAndroidPermissionCallbackProxy::GetInstance
[2017.11.11-23.51.45:244][  0]LogOcInput: OculusInput pre-init called
[2017.11.11-23.51.45:397][  0]LogEngine: Initializing Engine...
[2017.11.11-23.51.45:398][  0]LogHMD: Failed to initialize OpenVR with code 110
[2017.11.11-23.51.45:557][  0]LogStats: UGameplayTagsManager::ConstructGameplayTagTree: Construct from data asset -  0.000 s
[2017.11.11-23.51.45:557][  0]LogStats: UGameplayTagsManager::ConstructGameplayTagTree: GameplayTagTreeChangedEvent.Broadcast -  0.000 s
[2017.11.11-23.51.45:623][  0]LogAIModule: Creating AISystem for world Untitled
[2017.11.11-23.51.45:633][  0]LogInit: XAudio2 using 'Speakers (High Definition Audio Device)' : 2 channels at 44.1 kHz using 16 bits per sample (channel mask 0x3)
[2017.11.11-23.51.45:641][  0]LogInit: FAudioDevice initialized.
[2017.11.11-23.51.45:985][  0]LogDerivedDataCache: Saved boot cache 0.34s 78MB C:/Users/User/AppData/Local/UnrealEngine/4.18/DerivedDataCache/Boot.ddc.
[2017.11.11-23.51.45:996][  0]LogInit: Texture streaming: Enabled
[2017.11.11-23.51.46:046][  0]LogEngineSessionManager: EngineSessionManager initialized
[2017.11.11-23.51.46:113][  0]LogInit: Transaction tracking system initialized
[2017.11.11-23.51.46:265][  0]BlueprintLog: New page: Editor Load
[2017.11.11-23.51.47:266][  0]LocalizationService: Localization service is disabled
[2017.11.11-23.51.47:632][  0]LogConsoleResponse: Display: 
[2017.11.11-23.51.47:746][  0]LogCook: Display: Max memory allowance for cook 16384mb min free memory 0mb
[2017.11.11-23.51.47:746][  0]LogCook: Display: Mobile HDR setting 1
[2017.11.11-23.51.47:746][  0]LogGameplayTags: Display: UGameplayTagsManager::DoneAddingNativeTags. DelegateIsBound: 0
[2017.11.11-23.51.48:338][  0]LogFileCache: Scanning file cache for directory 'C:/Users/User/Desktop/codeday/CodeDayFall2017/Content/' took 0.01s
[2017.11.11-23.51.48:338][  0]Cmd: MAP LOAD FILE="C:/Users/User/Desktop/codeday/CodeDayFall2017/Content/SideScrollerBP/Maps/SideScrollerExampleMap.umap" TEMPLATE=0 SHOWPROGRESS=1 FEATURELEVEL=3
[2017.11.11-23.51.48:339][  0]LightingResults: New page: Lighting Build
[2017.11.11-23.51.48:359][  0]MapCheck: New page: Map Check
[2017.11.11-23.51.48:359][  0]LightingResults: New page: Lighting Build
[2017.11.11-23.51.51:307][  0]LogMaterial: Missing cached shader map for material M_UE4Man_Body, compiling. 
[2017.11.11-23.51.51:396][  0]LogMaterial: Missing cached shader map for material M_UE4Man_Body, compiling. 
[2017.11.11-23.51.54:273][  0]LogMaterial: Missing cached shader map for material CubeMaterial, compiling. 
[2017.11.11-23.51.54:314][  0]LogMaterial: Missing cached shader map for material AntiAliasedTextMaterialTranslucent, compiling. 
[2017.11.11-23.51.54:364][  0]LogMaterial: Missing cached shader map for material BasicShapeMaterial, compiling. 
[2017.11.11-23.51.54:469][  0]LogAIModule: Creating AISystem for world SideScrollerExampleMap
[2017.11.11-23.51.54:492][  0]LogEditorServer: Finished looking for orphan Actors (0.000 secs)
[2017.11.11-23.51.54:504][  0]Cmd: MAP CHECKDEP NOCLEARLOG
[2017.11.11-23.51.54:550][  0]MapCheck: Map check complete: 0 Error(s), 0 Warning(s), took 46.193ms to complete.
[2017.11.11-23.51.54:550][  0]LogFileHelpers: Loading map 'SideScrollerExampleMap' took 6.212
[2017.11.11-23.51.54:732][  0]LogCollectionManager: Loaded 0 collections in 0.001320 seconds
[2017.11.11-23.51.54:829][  0]LogFileCache: Scanning file cache for directory 'C:/Users/User/Desktop/codeday/CodeDayFall2017/Saved/Collections/' took 0.01s
[2017.11.11-23.51.54:829][  0]LogFileCache: Scanning file cache for directory 'C:/Users/User/Desktop/codeday/CodeDayFall2017/Content/Developers/User/Collections/' took 0.01s
[2017.11.11-23.51.54:829][  0]LogFileCache: Scanning file cache for directory 'C:/Users/User/Desktop/codeday/CodeDayFall2017/Content/Collections/' took 0.01s
[2017.11.11-23.51.54:829][  0]LogCollectionManager: Rebuilt the GUID cache for 0 collections in 0.000001 seconds
[2017.11.11-23.51.54:840][  0]LogContentBrowser: Native class hierarchy populated in 0.0095 seconds. Added 2363 classes and 519 folders.
[2017.11.11-23.51.54:912][  0]LogContentBrowser: Native class hierarchy updated for 'WidgetCarousel' in 0.0003 seconds. Added 0 classes and 0 folders.
[2017.11.11-23.51.54:967][  0]LogContentBrowser: Native class hierarchy updated for 'AddContentDialog' in 0.0003 seconds. Added 0 classes and 0 folders.
[2017.11.11-23.51.55:020][  0]LogContentBrowser: Native class hierarchy updated for 'SceneOutliner' in 0.0004 seconds. Added 1 classes and 2 folders.
[2017.11.11-23.51.55:091][  0]LogSlate: Took 0.000160 seconds to synchronously load lazily loaded font '../../../Engine/Content/Slate/Fonts/Roboto-Regular.ttf' (155K)
[2017.11.11-23.51.55:094][  0]LogSlate: Took 0.000171 seconds to synchronously load lazily loaded font '../../../Engine/Content/Slate/Fonts/Roboto-Bold.ttf' (160K)
[2017.11.11-23.51.55:108][  0]LogSlate: Took 0.005162 seconds to synchronously load lazily loaded font '../../../Engine/Content/Editor/Slate/Fonts/FontAwesome.ttf' (139K)
[2017.11.11-23.51.55:155][  0]LogMaterial: Missing cached shader map for material LevelGridMaterial2, compiling. 
[2017.11.11-23.51.55:232][  0]LogRenderer: Reallocating scene render targets to support 1208x576 Format 10 NumSamples 1 (Frame:1).
[2017.11.11-23.51.55:642][  0]LogContentBrowser: Native class hierarchy updated for 'HierarchicalLODOutliner' in 0.0003 seconds. Added 1 classes and 2 folders.
[2017.11.11-23.51.55:642][  0]LogLoad: (Engine Initialization) Total time: 18.70 seconds
[2017.11.11-23.51.55:642][  0]LogLoad: (Engine Initialization) Total Blueprint compile time: 0.00 seconds
[2017.11.11-23.51.55:642][  0]LogExternalProfiler: No external profilers were discovered.  External profiling features will not be available.
[2017.11.11-23.51.55:652][  0]LogWindowsTextInputMethodSystem: Display: IME system now deactivated.
[2017.11.11-23.51.55:674][  0]LogContentStreaming: Texture pool size now 1000 MB
[2017.11.11-23.51.55:717][  0]LogSlate: Took 0.000370 seconds to synchronously load lazily loaded font '../../../Engine/Content/Slate/Fonts/Roboto-Light.ttf' (159K)
[2017.11.11-23.51.55:737][  1]LogAssetRegistry: Asset discovery search completed in 13.5768 seconds
[2017.11.11-23.51.55:740][  1]LogCollectionManager: Rebuilt the object cache for 0 collections in 0.000000 seconds (found 0 objects)
[2017.11.11-23.51.55:740][  1]LogCollectionManager: Fixed up redirectors for 0 collections in 0.000061 seconds (updated 0 objects)
[2017.11.11-23.52.02:810][716]LogEditorViewport: Clicking on Actor (LMB): StaticMeshActor (Floor2)
[2017.11.11-23.52.05:767][960]Cmd: DELETE
[2017.11.11-23.52.05:767][960]Cmd: ACTOR DELETE
[2017.11.11-23.52.05:779][960]LogEditorActor: Deleted Actor: StaticMeshActor
[2017.11.11-23.52.05:789][960]LogEditorActor: Deleted 1 Actors (0.020 secs)
[2017.11.11-23.52.15:476][ 98]LogTemp: Repeating last play command: Selected Viewport
[2017.11.11-23.52.15:535][ 98]LogBlueprintUserMessages: Early PlayInEditor Detection: Level '/Game/SideScrollerBP/Maps/SideScrollerExampleMap.SideScrollerExampleMap:PersistentLevel' has LevelScriptBlueprint '/Game/SideScrollerBP/Maps/SideScrollerExampleMap.SideScrollerExampleMap:PersistentLevel.SideScrollerExampleMap' with GeneratedClass '/Game/SideScrollerBP/Maps/SideScrollerExampleMap.SideScrollerExampleMap_C' with ClassGeneratedBy '/Game/SideScrollerBP/Maps/SideScrollerExampleMap.SideScrollerExampleMap:PersistentLevel.SideScrollerExampleMap'
[2017.11.11-23.52.15:535][ 98]LogPlayLevel: PlayLevel: No blueprints needed recompiling
[2017.11.11-23.52.15:538][ 98]PIE: New page: PIE session: SideScrollerExampleMap (Nov 11, 2017, 11:52:15 AM)
[2017.11.11-23.52.15:538][ 98]LogPlayLevel: Creating play world package: /Game/SideScrollerBP/Maps/UEDPIE_0_SideScrollerExampleMap
[2017.11.11-23.52.15:560][ 98]LogPlayLevel: PIE: StaticDuplicateObject took: (0.021832s)
[2017.11.11-23.52.15:561][ 98]LogAIModule: Creating AISystem for world SideScrollerExampleMap
[2017.11.11-23.52.15:561][ 98]LogPlayLevel: PIE: World Init took: (0.000638s)
[2017.11.11-23.52.15:561][ 98]LogPlayLevel: PIE: Created PIE world by copying editor world from /Game/SideScrollerBP/Maps/SideScrollerExampleMap.SideScrollerExampleMap to /Game/SideScrollerBP/Maps/UEDPIE_0_SideScrollerExampleMap.SideScrollerExampleMap (0.022684s)
[2017.11.11-23.52.15:576][ 98]LogInit: XAudio2 using 'Speakers (High Definition Audio Device)' : 2 channels at 44.1 kHz using 16 bits per sample (channel mask 0x3)
[2017.11.11-23.52.15:580][ 98]LogInit: FAudioDevice initialized.
[2017.11.11-23.52.15:621][ 98]LogLoad: Game class is 'SideScrollerGameMode_C'
[2017.11.11-23.52.15:625][ 98]LogWorld: Bringing World /Game/SideScrollerBP/Maps/UEDPIE_0_SideScrollerExampleMap.SideScrollerExampleMap up for play (max tick rate 0) at 2017.11.11-17.52.15
[2017.11.11-23.52.15:625][ 98]LogWorld: Bringing up level for play took: 0.001658
[2017.11.11-23.52.15:650][ 98]LogContentBrowser: Native class hierarchy updated for 'MovieSceneCapture' in 0.0002 seconds. Added 11 classes and 0 folders.
[2017.11.11-23.52.15:651][ 98]PIE: Play in editor start time for /Game/SideScrollerBP/Maps/UEDPIE_0_SideScrollerExampleMap -0.456
[2017.11.11-23.52.15:651][ 98]LogBlueprintUserMessages: Late PlayInEditor Detection: Level '/Game/SideScrollerBP/Maps/SideScrollerExampleMap.SideScrollerExampleMap:PersistentLevel' has LevelScriptBlueprint '/Game/SideScrollerBP/Maps/SideScrollerExampleMap.SideScrollerExampleMap:PersistentLevel.SideScrollerExampleMap' with GeneratedClass '/Game/SideScrollerBP/Maps/SideScrollerExampleMap.SideScrollerExampleMap_C' with ClassGeneratedBy '/Game/SideScrollerBP/Maps/SideScrollerExampleMap.SideScrollerExampleMap:PersistentLevel.SideScrollerExampleMap'
[2017.11.11-23.52.25:613][290]LogBlueprintUserMessages: Early EndPlayMap Detection: Level '/Game/SideScrollerBP/Maps/SideScrollerExampleMap.SideScrollerExampleMap:PersistentLevel' has LevelScriptBlueprint '/Game/SideScrollerBP/Maps/SideScrollerExampleMap.SideScrollerExampleMap:PersistentLevel.SideScrollerExampleMap' with GeneratedClass '/Game/SideScrollerBP/Maps/SideScrollerExampleMap.SideScrollerExampleMap_C' with ClassGeneratedBy '/Game/SideScrollerBP/Maps/SideScrollerExampleMap.SideScrollerExampleMap:PersistentLevel.SideScrollerExampleMap'
[2017.11.11-23.52.25:647][290]LogBlueprintUserMessages: Late EndPlayMap Detection: Level '/Game/SideScrollerBP/Maps/SideScrollerExampleMap.SideScrollerExampleMap:PersistentLevel' has LevelScriptBlueprint '/Game/SideScrollerBP/Maps/SideScrollerExampleMap.SideScrollerExampleMap:PersistentLevel.SideScrollerExampleMap' with GeneratedClass '/Game/SideScrollerBP/Maps/SideScrollerExampleMap.SideScrollerExampleMap_C' with ClassGeneratedBy '/Game/SideScrollerBP/Maps/SideScrollerExampleMap.SideScrollerExampleMap:PersistentLevel.SideScrollerExampleMap'
[2017.11.11-23.52.30:177][831]LogEditorViewport: Clicking on Actor (LMB): StaticMeshActor (Floor)
[2017.11.11-23.52.36:977][592]LogEditorViewport: Clicking on Actor (LMB): SideScrollerCharacter_C (SideScrollerCharacter)
[2017.11.11-23.52.39:871][909]LogEditorViewport: Clicking on Actor (LMB): BP_Sky_Sphere_C (SkySphereBlueprint)
[2017.11.11-23.52.40:402][966]LogEditorViewport: Clicking on Actor (LMB): BP_Sky_Sphere_C (SkySphereBlueprint)
[2017.11.11-23.53.16:043][645]SourceControl: On branch master
[2017.11.11-23.53.16:043][645]SourceControl: Your branch is up to date with 'origin/master'.
[2017.11.11-23.53.16:043][645]SourceControl: Changes not staged for commit:
[2017.11.11-23.53.16:043][645]SourceControl:   (use "git add <file>..." to update what will be committed)
[2017.11.11-23.53.16:043][645]SourceControl:   (use "git checkout -- <file>..." to discard changes in working directory)
[2017.11.11-23.53.16:043][645]SourceControl: 	modified:   Intermediate/AssetRegistryCache/c90e3f55.bin
[2017.11.11-23.53.16:043][645]SourceControl: 	modified:   Intermediate/CachedAssetRegistry.bin
[2017.11.11-23.53.16:043][645]SourceControl: 	modified:   Saved/Logs/Code_Day_Fall_2017.log
[2017.11.11-23.53.16:043][645]SourceControl: no changes added to commit (use "git add" and/or "git commit -a")
[2017.11.11-23.53.27:812][ 51]LogSlate: Took 0.000098 seconds to synchronously load lazily loaded font '../../../Engine/Content/Slate/Fonts/Roboto-Light.ttf' (159K)
[2017.11.11-23.53.27:952][ 51]LogSavePackage: Save=87.64ms
[2017.11.11-23.53.27:952][ 51]LogSavePackage: Moving 'C:/Users/User/Desktop/codeday/CodeDayFall2017/Saved/SideScrollerExampleMap5A855B5A4BFAF535D5B8E1BB1DF82168.tmp' to 'C:/Users/User/Desktop/codeday/CodeDayFall2017/Content/SideScrollerBP/Maps/SideScrollerExampleMap.umap'
[2017.11.11-23.53.27:955][ 51]LogSavePackage: Display: Finished SavePackage C:/Users/User/Desktop/codeday/CodeDayFall2017/Content/SideScrollerBP/Maps/SideScrollerExampleMap.umap
[2017.11.11-23.53.27:974][ 51]LogFileHelpers: Saving map 'SideScrollerExampleMap' took 0.155
[2017.11.11-23.53.31:010][413]LogSlate: Took 0.005555 seconds to synchronously load lazily loaded font '../../../Engine/Content/Editor/Slate/Fonts/Roboto-Italic.ttf' (157K)
[2017.11.11-23.53.36:205][ 27]LogEditorViewport: Clicking on Actor (LMB): StaticMeshActor (Wall5)
[2017.11.11-23.53.38:233][248]Cmd: TRANSACTION UNDO
[2017.11.11-23.53.38:233][248]LogEditorTransaction: Undo Move Actors
[2017.11.11-23.53.38:248][248]LogSlate: Took 0.000130 seconds to synchronously load lazily loaded font '../../../Engine/Content/Slate/Fonts/Roboto-Light.ttf' (159K)
[2017.11.11-23.53.38:732][306]LogEditorViewport: Clicking on Actor (LMB): BP_Sky_Sphere_C (SkySphereBlueprint)
[2017.11.11-23.53.44:198][942]LogEditorViewport: Clicking on Actor (LMB): BP_Sky_Sphere_C (SkySphereBlueprint)
[2017.11.11-23.54.00:712][921]LogEditorViewport: Clicking on Actor (LMB): BP_Sky_Sphere_C (SkySphereBlueprint)
[2017.11.11-23.54.01:385][  0]LogEditorViewport: Clicking on Actor (LMB): StaticMeshActor (Floor)
[2017.11.11-23.54.54:146][295]SourceControl: fatal: E:/Program Files/Epic Games/UE_4.18/Engine/Content/EditorBlueprintResources/StandardMacros.uasset: 'E:/Program Files/Epic Games/UE_4.18/Engine/Content/EditorBlueprintResources/StandardMacros.uasset' is outside repository
[2017.11.11-23.54.54:146][295]SourceControl: fatal: E:/Program Files/Epic Games/UE_4.18/Engine/Content/Functions/Engine_MaterialFunctions02/Utility/BlendAngleCorrectedNormals.uasset: 'E:/Program Files/Epic Games/UE_4.18/Engine/Content/Functions/Engine_MaterialFunctions02/Utility/BlendAngleCorrectedNormals.uasset' is outside repository
[2017.11.11-23.54.54:146][295]SourceControl: fatal: E:/Program Files/Epic Games/UE_4.18/Engine/Content/Functions/MaterialLayerFunctions/MatLayerBlend_NormalBlend.uasset: 'E:/Program Files/Epic Games/UE_4.18/Engine/Content/Functions/MaterialLayerFunctions/MatLayerBlend_NormalBlend.uasset' is outside repository
[2017.11.11-23.54.54:146][295]SourceControl: fatal: E:/Program Files/Epic Games/UE_4.18/Engine/Content/EngineSky/BP_Sky_Sphere.uasset: 'E:/Program Files/Epic Games/UE_4.18/Engine/Content/EngineSky/BP_Sky_Sphere.uasset' is outside repository
[2017.11.11-23.54.54:146][295]SourceControl: fatal: E:/Program Files/Epic Games/UE_4.18/Engine/Content/BasicShapes/BasicShapeMaterial.uasset: 'E:/Program Files/Epic Games/UE_4.18/Engine/Content/BasicShapes/BasicShapeMaterial.uasset' is outside repository
[2017.11.11-23.54.54:146][295]SourceControl: fatal: E:/Program Files/Epic Games/UE_4.18/Engine/Content/EngineMaterials/AntiAliasedTextMaterialTranslucent.uasset: 'E:/Program Files/Epic Games/UE_4.18/Engine/Content/EngineMaterials/AntiAliasedTextMaterialTranslucent.uasset' is outside repository
[2017.11.11-23.54.54:146][295]SourceControl: fatal: E:/Program Files/Epic Games/UE_4.18/Engine/Content/MapTemplates/Sky/DaylightAmbientCubemap.uasset: 'E:/Program Files/Epic Games/UE_4.18/Engine/Content/MapTemplates/Sky/DaylightAmbientCubemap.uasset' is outside repository
[2017.11.11-23.54.54:146][295]SourceControl: fatal: E:/Program Files/Epic Games/UE_4.18/Engine/Content/EditorMaterials/Thumbnails/SkySphereMaterial.uasset: 'E:/Program Files/Epic Games/UE_4.18/Engine/Content/EditorMaterials/Thumbnails/SkySphereMaterial.uasset' is outside repository
[2017.11.11-23.54.54:146][295]SourceControl: fatal: E:/Program Files/Epic Games/UE_4.18/Engine/Content/EditorMeshes/ColorCalibrator/SM_ColorCalibrator.uasset: 'E:/Program Files/Epic Games/UE_4.18/Engine/Content/EditorMeshes/ColorCalibrator/SM_ColorCalibrator.uasset' is outside repository
[2017.11.11-23.54.54:146][295]SourceControl: fatal: E:/Program Files/Epic Games/UE_4.18/Engine/Content/Functions/Engine_MaterialFunctions01/Opacity/CameraDepthFade.uasset: 'E:/Program Files/Epic Games/UE_4.18/Engine/Content/Functions/Engine_MaterialFunctions01/Opacity/CameraDepthFade.uasset' is outside repository
[2017.11.11-23.54.54:146][295]SourceControl: fatal: E:/Program Files/Epic Games/UE_4.18/Engine/Content/Functions/Engine_MaterialFunctions01/Gradient/RadialGradient.uasset: 'E:/Program Files/Epic Games/UE_4.18/Engine/Content/Functions/Engine_MaterialFunctions01/Gradient/RadialGradient.uasset' is outside repository
[2017.11.11-23.54.54:146][295]SourceControl: fatal: E:/Program Files/Epic Games/UE_4.18/Engine/Content/EngineFonts/RobotoDistanceField.uasset: 'E:/Program Files/Epic Games/UE_4.18/Engine/Content/EngineFonts/RobotoDistanceField.uasset' is outside repository
[2017.11.11-23.54.54:146][295]SourceControl: fatal: E:/Program Files/Epic Games/UE_4.18/Engine/Content/Functions/Engine_MaterialFunctions03/Procedurals/ComputeFilterWidth.uasset: 'E:/Program Files/Epic Games/UE_4.18/Engine/Content/Functions/Engine_MaterialFunctions03/Procedurals/ComputeFilterWidth.uasset' is outside repository
[2017.11.11-23.54.54:353][295]SourceControl: Error: error: cannot pull with rebase: You have unstaged changes.
[2017.11.11-23.54.54:353][295]SourceControl: Error: error: please commit or stash them.
[2017.11.11-23.54.54:355][295]LightingResults: New page: Lighting Build
[2017.11.11-23.54.54:356][295]MapCheck: New page: Map Check
[2017.11.11-23.54.54:356][295]LightingResults: New page: Lighting Build
[2017.11.11-23.54.54:370][295]LogAIModule: Creating AISystem for world Untitled
[2017.11.11-23.54.54:371][295]LoadErrors: New page: New Map
[2017.11.11-23.54.54:522][295]LogUObjectGlobals: Display: ReloadPackage failed to find a replacement object for 'Default__SideScrollerCharacter_C:CollisionCylinder.BodySetup_0' (transient) in the new package '/Game/SideScrollerBP/Blueprints/SideScrollerCharacter'. Any existing references to this object will be nulled out.
[2017.11.11-23.54.54:656][295]LogStaticMesh: Building static mesh 1M_Cube...
[2017.11.11-23.54.54:660][295]LogStaticMesh: Built static mesh [0.00s] /Game/Geometry/Meshes/1M_Cube_DEADPACKAGE_31.1M_Cube
[2017.11.11-23.54.54:663][295]LogStaticMesh: Building static mesh TemplateFloor...
[2017.11.11-23.54.54:664][295]LogStaticMesh: Built static mesh [0.00s] /Game/Geometry/Meshes/TemplateFloor_DEADPACKAGE_32.TemplateFloor
[2017.11.11-23.54.54:713][295]LogAIModule: Creating AISystem for world SideScrollerExampleMap
[2017.11.11-23.54.54:731][295]Cmd: MAP LOAD FILE="C:/Users/User/Desktop/codeday/CodeDayFall2017/Content/SideScrollerBP/Maps/SideScrollerExampleMap.umap" TEMPLATE=0 SHOWPROGRESS=1 FEATURELEVEL=3
[2017.11.11-23.54.54:731][295]LightingResults: New page: Lighting Build
[2017.11.11-23.54.54:731][295]LoadErrors: New page: Loading map: SideScrollerExampleMap.umap
[2017.11.11-23.54.54:732][295]MapCheck: New page: Map Check
[2017.11.11-23.54.54:732][295]LightingResults: New page: Lighting Build
[2017.11.11-23.54.54:741][295]LogEditorServer: Finished looking for orphan Actors (0.000 secs)
[2017.11.11-23.54.54:774][295]Cmd: MAP CHECKDEP NOCLEARLOG
[2017.11.11-23.54.54:802][295]MapCheck: Map check complete: 0 Error(s), 0 Warning(s), took 27.216ms to complete.
[2017.11.11-23.54.54:803][295]LogFileHelpers: Loading map 'SideScrollerExampleMap' took 0.073
[2017.11.11-23.54.59:003][791]LogEditorViewport: Clicking on Actor (LMB): BP_Sky_Sphere_C (SkySphereBlueprint)
[2017.11.11-23.55.00:199][931]LogEditorViewport: Clicking on Actor (LMB): BP_Sky_Sphere_C (SkySphereBlueprint)
[2017.11.11-23.55.06:377][659]LogEditorViewport: Clicking on Actor (LMB): BP_Sky_Sphere_C (SkySphereBlueprint)
[2017.11.11-23.55.07:266][748]LogEditorViewport: Clicking on Actor (LMB): BP_Sky_Sphere_C (SkySphereBlueprint)
[2017.11.11-23.55.08:172][855]LogEditorViewport: Clicking on Actor (LMB): BP_Sky_Sphere_C (SkySphereBlueprint)
[2017.11.11-23.55.26:995][ 88]LogTemp: Repeating last play command: Selected Viewport
[2017.11.11-23.55.27:013][ 88]LogBlueprintUserMessages: Early PlayInEditor Detection: Level '/Game/SideScrollerBP/Maps/SideScrollerExampleMap.SideScrollerExampleMap:PersistentLevel' has LevelScriptBlueprint '/Game/SideScrollerBP/Maps/SideScrollerExampleMap.SideScrollerExampleMap:PersistentLevel.SideScrollerExampleMap' with GeneratedClass '/Game/SideScrollerBP/Maps/SideScrollerExampleMap.SideScrollerExampleMap_C' with ClassGeneratedBy '/Game/SideScrollerBP/Maps/SideScrollerExampleMap.SideScrollerExampleMap:PersistentLevel.SideScrollerExampleMap'
[2017.11.11-23.55.27:013][ 88]LogPlayLevel: PlayLevel: No blueprints needed recompiling
[2017.11.11-23.55.27:014][ 88]PIE: New page: PIE session: SideScrollerExampleMap (Nov 11, 2017, 11:55:27 AM)
[2017.11.11-23.55.27:014][ 88]LogPlayLevel: Creating play world package: /Game/SideScrollerBP/Maps/UEDPIE_0_SideScrollerExampleMap
[2017.11.11-23.55.27:036][ 88]LogPlayLevel: PIE: StaticDuplicateObject took: (0.022585s)
[2017.11.11-23.55.27:037][ 88]LogAIModule: Creating AISystem for world SideScrollerExampleMap
[2017.11.11-23.55.27:037][ 88]LogPlayLevel: PIE: World Init took: (0.000719s)
[2017.11.11-23.55.27:037][ 88]LogPlayLevel: PIE: Created PIE world by copying editor world from /Game/SideScrollerBP/Maps/SideScrollerExampleMap.SideScrollerExampleMap to /Game/SideScrollerBP/Maps/UEDPIE_0_SideScrollerExampleMap.SideScrollerExampleMap (0.023515s)
[2017.11.11-23.55.27:052][ 88]LogInit: XAudio2 using 'Speakers (High Definition Audio Device)' : 2 channels at 44.1 kHz using 16 bits per sample (channel mask 0x3)
[2017.11.11-23.55.27:058][ 88]LogInit: FAudioDevice initialized.
[2017.11.11-23.55.27:090][ 88]LogLoad: Game class is 'SideScrollerGameMode_C'
[2017.11.11-23.55.27:092][ 88]LogWorld: Bringing World /Game/SideScrollerBP/Maps/UEDPIE_0_SideScrollerExampleMap.SideScrollerExampleMap up for play (max tick rate 0) at 2017.11.11-17.55.27
[2017.11.11-23.55.27:092][ 88]LogWorld: Bringing up level for play took: 0.001214
[2017.11.11-23.55.27:093][ 88]PIE: Play in editor start time for /Game/SideScrollerBP/Maps/UEDPIE_0_SideScrollerExampleMap 0.986
[2017.11.11-23.55.27:093][ 88]LogBlueprintUserMessages: Late PlayInEditor Detection: Level '/Game/SideScrollerBP/Maps/SideScrollerExampleMap.SideScrollerExampleMap:PersistentLevel' has LevelScriptBlueprint '/Game/SideScrollerBP/Maps/SideScrollerExampleMap.SideScrollerExampleMap:PersistentLevel.SideScrollerExampleMap' with GeneratedClass '/Game/SideScrollerBP/Maps/SideScrollerExampleMap.SideScrollerExampleMap_C' with ClassGeneratedBy '/Game/SideScrollerBP/Maps/SideScrollerExampleMap.SideScrollerExampleMap:PersistentLevel.SideScrollerExampleMap'
[2017.11.11-23.57.18:557][943]LogBlueprintUserMessages: Early EndPlayMap Detection: Level '/Game/SideScrollerBP/Maps/SideScrollerExampleMap.SideScrollerExampleMap:PersistentLevel' has LevelScriptBlueprint '/Game/SideScrollerBP/Maps/SideScrollerExampleMap.SideScrollerExampleMap:PersistentLevel.SideScrollerExampleMap' with GeneratedClass '/Game/SideScrollerBP/Maps/SideScrollerExampleMap.SideScrollerExampleMap_C' with ClassGeneratedBy '/Game/SideScrollerBP/Maps/SideScrollerExampleMap.SideScrollerExampleMap:PersistentLevel.SideScrollerExampleMap'
[2017.11.11-23.57.18:584][943]LogBlueprintUserMessages: Late EndPlayMap Detection: Level '/Game/SideScrollerBP/Maps/SideScrollerExampleMap.SideScrollerExampleMap:PersistentLevel' has LevelScriptBlueprint '/Game/SideScrollerBP/Maps/SideScrollerExampleMap.SideScrollerExampleMap:PersistentLevel.SideScrollerExampleMap' with GeneratedClass '/Game/SideScrollerBP/Maps/SideScrollerExampleMap.SideScrollerExampleMap_C' with ClassGeneratedBy '/Game/SideScrollerBP/Maps/SideScrollerExampleMap.SideScrollerExampleMap:PersistentLevel.SideScrollerExampleMap'
[2017.11.11-23.57.23:964][555]SourceControl: fatal: E:/Program Files/Epic Games/UE_4.18/Engine/Content/Functions/Engine_MaterialFunctions02/Utility/BlendAngleCorrectedNormals.uasset: 'E:/Program Files/Epic Games/UE_4.18/Engine/Content/Functions/Engine_MaterialFunctions02/Utility/BlendAngleCorrectedNormals.uasset' is outside repository
[2017.11.11-23.57.23:964][555]SourceControl: fatal: E:/Program Files/Epic Games/UE_4.18/Engine/Content/Functions/MaterialLayerFunctions/MatLayerBlend_NormalBlend.uasset: 'E:/Program Files/Epic Games/UE_4.18/Engine/Content/Functions/MaterialLayerFunctions/MatLayerBlend_NormalBlend.uasset' is outside repository
[2017.11.11-23.57.23:964][555]SourceControl: fatal: E:/Program Files/Epic Games/UE_4.18/Engine/Content/EditorBlueprintResources/StandardMacros.uasset: 'E:/Program Files/Epic Games/UE_4.18/Engine/Content/EditorBlueprintResources/StandardMacros.uasset' is outside repository
[2017.11.11-23.57.23:964][555]SourceControl: fatal: E:/Program Files/Epic Games/UE_4.18/Engine/Content/EngineSky/BP_Sky_Sphere.uasset: 'E:/Program Files/Epic Games/UE_4.18/Engine/Content/EngineSky/BP_Sky_Sphere.uasset' is outside repository
[2017.11.11-23.57.23:964][555]SourceControl: fatal: E:/Program Files/Epic Games/UE_4.18/Engine/Content/BasicShapes/BasicShapeMaterial.uasset: 'E:/Program Files/Epic Games/UE_4.18/Engine/Content/BasicShapes/BasicShapeMaterial.uasset' is outside repository
[2017.11.11-23.57.23:964][555]SourceControl: fatal: E:/Program Files/Epic Games/UE_4.18/Engine/Content/EngineMaterials/AntiAliasedTextMaterialTranslucent.uasset: 'E:/Program Files/Epic Games/UE_4.18/Engine/Content/EngineMaterials/AntiAliasedTextMaterialTranslucent.uasset' is outside repository
[2017.11.11-23.57.23:964][555]SourceControl: fatal: E:/Program Files/Epic Games/UE_4.18/Engine/Content/MapTemplates/Sky/DaylightAmbientCubemap.uasset: 'E:/Program Files/Epic Games/UE_4.18/Engine/Content/MapTemplates/Sky/DaylightAmbientCubemap.uasset' is outside repository
[2017.11.11-23.57.23:964][555]SourceControl: fatal: E:/Program Files/Epic Games/UE_4.18/Engine/Content/EditorMaterials/Thumbnails/SkySphereMaterial.uasset: 'E:/Program Files/Epic Games/UE_4.18/Engine/Content/EditorMaterials/Thumbnails/SkySphereMaterial.uasset' is outside repository
[2017.11.11-23.57.23:964][555]SourceControl: fatal: E:/Program Files/Epic Games/UE_4.18/Engine/Content/EditorMeshes/ColorCalibrator/SM_ColorCalibrator.uasset: 'E:/Program Files/Epic Games/UE_4.18/Engine/Content/EditorMeshes/ColorCalibrator/SM_ColorCalibrator.uasset' is outside repository
[2017.11.11-23.57.23:964][555]SourceControl: fatal: E:/Program Files/Epic Games/UE_4.18/Engine/Content/Functions/Engine_MaterialFunctions01/Opacity/CameraDepthFade.uasset: 'E:/Program Files/Epic Games/UE_4.18/Engine/Content/Functions/Engine_MaterialFunctions01/Opacity/CameraDepthFade.uasset' is outside repository
[2017.11.11-23.57.23:964][555]SourceControl: fatal: E:/Program Files/Epic Games/UE_4.18/Engine/Content/Functions/Engine_MaterialFunctions01/Gradient/RadialGradient.uasset: 'E:/Program Files/Epic Games/UE_4.18/Engine/Content/Functions/Engine_MaterialFunctions01/Gradient/RadialGradient.uasset' is outside repository
[2017.11.11-23.57.23:964][555]SourceControl: fatal: E:/Program Files/Epic Games/UE_4.18/Engine/Content/EngineFonts/RobotoDistanceField.uasset: 'E:/Program Files/Epic Games/UE_4.18/Engine/Content/EngineFonts/RobotoDistanceField.uasset' is outside repository
[2017.11.11-23.57.23:964][555]SourceControl: fatal: E:/Program Files/Epic Games/UE_4.18/Engine/Content/Functions/Engine_MaterialFunctions03/Procedurals/ComputeFilterWidth.uasset: 'E:/Program Files/Epic Games/UE_4.18/Engine/Content/Functions/Engine_MaterialFunctions03/Procedurals/ComputeFilterWidth.uasset' is outside repository
[2017.11.11-23.57.24:122][555]SourceControl: Error: error: cannot pull with rebase: You have unstaged changes.
[2017.11.11-23.57.24:122][555]SourceControl: Error: error: please commit or stash them.
[2017.11.11-23.57.24:125][555]LightingResults: New page: Lighting Build
[2017.11.11-23.57.24:125][555]MapCheck: New page: Map Check
[2017.11.11-23.57.24:125][555]LightingResults: New page: Lighting Build
[2017.11.11-23.57.24:139][555]LogAIModule: Creating AISystem for world Untitled
[2017.11.11-23.57.24:140][555]LoadErrors: New page: New Map
[2017.11.11-23.57.24:278][555]LogUObjectGlobals: Display: ReloadPackage failed to find a replacement object for 'Default__SideScrollerCharacter_C:CollisionCylinder.BodySetup_0' (transient) in the new package '/Game/SideScrollerBP/Blueprints/SideScrollerCharacter'. Any existing references to this object will be nulled out.
[2017.11.11-23.57.24:445][555]LogAIModule: Creating AISystem for world SideScrollerExampleMap
[2017.11.11-23.57.24:461][555]Cmd: MAP LOAD FILE="C:/Users/User/Desktop/codeday/CodeDayFall2017/Content/SideScrollerBP/Maps/SideScrollerExampleMap.umap" TEMPLATE=0 SHOWPROGRESS=1 FEATURELEVEL=3
[2017.11.11-23.57.24:461][555]LightingResults: New page: Lighting Build
[2017.11.11-23.57.24:462][555]LoadErrors: New page: Loading map: SideScrollerExampleMap.umap
[2017.11.11-23.57.24:462][555]MapCheck: New page: Map Check
[2017.11.11-23.57.24:462][555]LightingResults: New page: Lighting Build
[2017.11.11-23.57.24:472][555]LogEditorServer: Finished looking for orphan Actors (0.000 secs)
[2017.11.11-23.57.24:508][555]Cmd: MAP CHECKDEP NOCLEARLOG
[2017.11.11-23.57.24:535][555]MapCheck: Map check complete: 0 Error(s), 0 Warning(s), took 27.026ms to complete.
[2017.11.11-23.57.24:535][555]LogFileHelpers: Loading map 'SideScrollerExampleMap' took 0.075
[2017.11.11-23.57.38:185][ 47]LogEditorViewport: Clicking on Actor (LMB): BP_Sky_Sphere_C (SkySphereBlueprint)
[2017.11.12-00.00.40:380][471]SourceControl: fatal: E:/Program Files/Epic Games/UE_4.18/Engine/Content/Functions/Engine_MaterialFunctions02/Utility/BlendAngleCorrectedNormals.uasset: 'E:/Program Files/Epic Games/UE_4.18/Engine/Content/Functions/Engine_MaterialFunctions02/Utility/BlendAngleCorrectedNormals.uasset' is outside repository
[2017.11.12-00.00.40:380][471]SourceControl: fatal: E:/Program Files/Epic Games/UE_4.18/Engine/Content/Functions/MaterialLayerFunctions/MatLayerBlend_NormalBlend.uasset: 'E:/Program Files/Epic Games/UE_4.18/Engine/Content/Functions/MaterialLayerFunctions/MatLayerBlend_NormalBlend.uasset' is outside repository
[2017.11.12-00.00.40:380][471]SourceControl: fatal: E:/Program Files/Epic Games/UE_4.18/Engine/Content/EditorBlueprintResources/StandardMacros.uasset: 'E:/Program Files/Epic Games/UE_4.18/Engine/Content/EditorBlueprintResources/StandardMacros.uasset' is outside repository
[2017.11.12-00.00.40:380][471]SourceControl: fatal: E:/Program Files/Epic Games/UE_4.18/Engine/Content/EngineSky/BP_Sky_Sphere.uasset: 'E:/Program Files/Epic Games/UE_4.18/Engine/Content/EngineSky/BP_Sky_Sphere.uasset' is outside repository
[2017.11.12-00.00.40:380][471]SourceControl: fatal: E:/Program Files/Epic Games/UE_4.18/Engine/Content/BasicShapes/BasicShapeMaterial.uasset: 'E:/Program Files/Epic Games/UE_4.18/Engine/Content/BasicShapes/BasicShapeMaterial.uasset' is outside repository
[2017.11.12-00.00.40:380][471]SourceControl: fatal: E:/Program Files/Epic Games/UE_4.18/Engine/Content/EngineMaterials/AntiAliasedTextMaterialTranslucent.uasset: 'E:/Program Files/Epic Games/UE_4.18/Engine/Content/EngineMaterials/AntiAliasedTextMaterialTranslucent.uasset' is outside repository
[2017.11.12-00.00.40:380][471]SourceControl: fatal: E:/Program Files/Epic Games/UE_4.18/Engine/Content/MapTemplates/Sky/DaylightAmbientCubemap.uasset: 'E:/Program Files/Epic Games/UE_4.18/Engine/Content/MapTemplates/Sky/DaylightAmbientCubemap.uasset' is outside repository
[2017.11.12-00.00.40:380][471]SourceControl: fatal: E:/Program Files/Epic Games/UE_4.18/Engine/Content/EditorMaterials/Thumbnails/SkySphereMaterial.uasset: 'E:/Program Files/Epic Games/UE_4.18/Engine/Content/EditorMaterials/Thumbnails/SkySphereMaterial.uasset' is outside repository
[2017.11.12-00.00.40:380][471]SourceControl: fatal: E:/Program Files/Epic Games/UE_4.18/Engine/Content/EditorMeshes/ColorCalibrator/SM_ColorCalibrator.uasset: 'E:/Program Files/Epic Games/UE_4.18/Engine/Content/EditorMeshes/ColorCalibrator/SM_ColorCalibrator.uasset' is outside repository
[2017.11.12-00.00.40:380][471]SourceControl: fatal: E:/Program Files/Epic Games/UE_4.18/Engine/Content/Functions/Engine_MaterialFunctions01/Opacity/CameraDepthFade.uasset: 'E:/Program Files/Epic Games/UE_4.18/Engine/Content/Functions/Engine_MaterialFunctions01/Opacity/CameraDepthFade.uasset' is outside repository
[2017.11.12-00.00.40:380][471]SourceControl: fatal: E:/Program Files/Epic Games/UE_4.18/Engine/Content/Functions/Engine_MaterialFunctions01/Gradient/RadialGradient.uasset: 'E:/Program Files/Epic Games/UE_4.18/Engine/Content/Functions/Engine_MaterialFunctions01/Gradient/RadialGradient.uasset' is outside repository
[2017.11.12-00.00.40:380][471]SourceControl: fatal: E:/Program Files/Epic Games/UE_4.18/Engine/Content/EngineFonts/RobotoDistanceField.uasset: 'E:/Program Files/Epic Games/UE_4.18/Engine/Content/EngineFonts/RobotoDistanceField.uasset' is outside repository
[2017.11.12-00.00.40:380][471]SourceControl: fatal: E:/Program Files/Epic Games/UE_4.18/Engine/Content/Functions/Engine_MaterialFunctions03/Procedurals/ComputeFilterWidth.uasset: 'E:/Program Files/Epic Games/UE_4.18/Engine/Content/Functions/Engine_MaterialFunctions03/Procedurals/ComputeFilterWidth.uasset' is outside repository
[2017.11.12-00.00.40:549][471]SourceControl: Error: error: cannot pull with rebase: You have unstaged changes.
[2017.11.12-00.00.40:549][471]SourceControl: Error: error: please commit or stash them.
[2017.11.12-00.00.40:551][471]LightingResults: New page: Lighting Build
[2017.11.12-00.00.40:552][471]MapCheck: New page: Map Check
[2017.11.12-00.00.40:552][471]LightingResults: New page: Lighting Build
[2017.11.12-00.00.40:566][471]LogAIModule: Creating AISystem for world Untitled
[2017.11.12-00.00.40:567][471]LoadErrors: New page: New Map
[2017.11.12-00.00.40:694][471]LogUObjectGlobals: Display: ReloadPackage failed to find a replacement object for 'Default__SideScrollerCharacter_C:CollisionCylinder.BodySetup_0' (transient) in the new package '/Game/SideScrollerBP/Blueprints/SideScrollerCharacter'. Any existing references to this object will be nulled out.
[2017.11.12-00.00.40:877][471]LogAIModule: Creating AISystem for world SideScrollerExampleMap
[2017.11.12-00.00.40:893][471]Cmd: MAP LOAD FILE="C:/Users/User/Desktop/codeday/CodeDayFall2017/Content/SideScrollerBP/Maps/SideScrollerExampleMap.umap" TEMPLATE=0 SHOWPROGRESS=1 FEATURELEVEL=3
[2017.11.12-00.00.40:893][471]LightingResults: New page: Lighting Build
[2017.11.12-00.00.40:894][471]LoadErrors: New page: Loading map: SideScrollerExampleMap.umap
[2017.11.12-00.00.40:894][471]MapCheck: New page: Map Check
[2017.11.12-00.00.40:894][471]LightingResults: New page: Lighting Build
[2017.11.12-00.00.40:903][471]LogEditorServer: Finished looking for orphan Actors (0.000 secs)
[2017.11.12-00.00.40:934][471]Cmd: MAP CHECKDEP NOCLEARLOG
[2017.11.12-00.00.40:961][471]MapCheck: Map check complete: 0 Error(s), 0 Warning(s), took 26.911ms to complete.
[2017.11.12-00.00.40:962][471]LogFileHelpers: Loading map 'SideScrollerExampleMap' took 0.069
[2017.11.12-00.01.27:308][924]LogSavePackage: Save=88.27ms
[2017.11.12-00.01.27:308][924]LogSavePackage: Moving 'C:/Users/User/Desktop/codeday/CodeDayFall2017/Saved/SideScrollerExampleMapBDA70F5442E219DC850C76BE991BAED4.tmp' to 'C:/Users/User/Desktop/codeday/CodeDayFall2017/Content/SideScrollerBP/Maps/SideScrollerExampleMap.umap'
[2017.11.12-00.01.27:310][924]LogSavePackage: Display: Finished SavePackage C:/Users/User/Desktop/codeday/CodeDayFall2017/Content/SideScrollerBP/Maps/SideScrollerExampleMap.umap
[2017.11.12-00.01.27:545][924]LogSavePackage: Save=209.57ms
[2017.11.12-00.01.27:545][924]LogSavePackage: Moving 'C:/Users/User/Desktop/codeday/CodeDayFall2017/Saved/SideScrollerExampleMap_BuiltData8E933788408659353A050B90D2A4AA1B.tmp' to 'C:/Users/User/Desktop/codeday/CodeDayFall2017/Content/SideScrollerBP/Maps/SideScrollerExampleMap_BuiltData.uasset'
[2017.11.12-00.01.27:546][924]LogSavePackage: Display: Finished SavePackage C:/Users/User/Desktop/codeday/CodeDayFall2017/Content/SideScrollerBP/Maps/SideScrollerExampleMap_BuiltData.uasset
[2017.11.12-00.01.31:401][385]SourceControl: On branch master
[2017.11.12-00.01.31:401][385]SourceControl: Your branch is behind 'origin/master' by 9 commits, and can be fast-forwarded.
[2017.11.12-00.01.31:401][385]SourceControl:   (use "git pull" to update your local branch)
[2017.11.12-00.01.31:401][385]SourceControl: Changes not staged for commit:
[2017.11.12-00.01.31:401][385]SourceControl:   (use "git add <file>..." to update what will be committed)
[2017.11.12-00.01.31:401][385]SourceControl:   (use "git checkout -- <file>..." to discard changes in working directory)
[2017.11.12-00.01.31:401][385]SourceControl: 	modified:   Content/SideScrollerBP/Maps/SideScrollerExampleMap.umap
[2017.11.12-00.01.31:401][385]SourceControl: 	modified:   Content/SideScrollerBP/Maps/SideScrollerExampleMap_BuiltData.uasset
[2017.11.12-00.01.31:401][385]SourceControl: 	modified:   Intermediate/AssetRegistryCache/c90e3f55.bin
[2017.11.12-00.01.31:401][385]SourceControl: 	modified:   Intermediate/CachedAssetRegistry.bin
[2017.11.12-00.01.31:401][385]SourceControl: 	modified:   Saved/Config/Windows/SourceControlSettings.ini
[2017.11.12-00.01.31:401][385]SourceControl: 	modified:   Saved/Logs/Code_Day_Fall_2017.log
[2017.11.12-00.01.31:401][385]SourceControl: no changes added to commit (use "git add" and/or "git commit -a")
[2017.11.12-00.01.33:055][566]LogSavePackage: Save=79.48ms
[2017.11.12-00.01.33:055][566]LogSavePackage: Moving 'C:/Users/User/Desktop/codeday/CodeDayFall2017/Saved/SideScrollerExampleMap1E001B2F40E8729EDEC6ABBDE9B25123.tmp' to 'C:/Users/User/Desktop/codeday/CodeDayFall2017/Content/SideScrollerBP/Maps/SideScrollerExampleMap.umap'
[2017.11.12-00.01.33:058][566]LogSavePackage: Display: Finished SavePackage C:/Users/User/Desktop/codeday/CodeDayFall2017/Content/SideScrollerBP/Maps/SideScrollerExampleMap.umap
[2017.11.12-00.01.33:270][566]LogSavePackage: Save=138.32ms
[2017.11.12-00.01.33:270][566]LogSavePackage: Moving 'C:/Users/User/Desktop/codeday/CodeDayFall2017/Saved/SideScrollerExampleMap_BuiltDataDCD6F9EB4E21AD278EC0DFB6ADB312ED.tmp' to 'C:/Users/User/Desktop/codeday/CodeDayFall2017/Content/SideScrollerBP/Maps/SideScrollerExampleMap_BuiltData.uasset'
[2017.11.12-00.01.33:271][566]LogSavePackage: Display: Finished SavePackage C:/Users/User/Desktop/codeday/CodeDayFall2017/Content/SideScrollerBP/Maps/SideScrollerExampleMap_BuiltData.uasset
[2017.11.12-00.01.35:748][832]SourceControl: fatal: E:/Program Files/Epic Games/UE_4.18/Engine/Content/Functions/Engine_MaterialFunctions02/Utility/BlendAngleCorrectedNormals.uasset: 'E:/Program Files/Epic Games/UE_4.18/Engine/Content/Functions/Engine_MaterialFunctions02/Utility/BlendAngleCorrectedNormals.uasset' is outside repository
[2017.11.12-00.01.35:748][832]SourceControl: fatal: E:/Program Files/Epic Games/UE_4.18/Engine/Content/Functions/MaterialLayerFunctions/MatLayerBlend_NormalBlend.uasset: 'E:/Program Files/Epic Games/UE_4.18/Engine/Content/Functions/MaterialLayerFunctions/MatLayerBlend_NormalBlend.uasset' is outside repository
[2017.11.12-00.01.35:748][832]SourceControl: fatal: E:/Program Files/Epic Games/UE_4.18/Engine/Content/EditorBlueprintResources/StandardMacros.uasset: 'E:/Program Files/Epic Games/UE_4.18/Engine/Content/EditorBlueprintResources/StandardMacros.uasset' is outside repository
[2017.11.12-00.01.35:748][832]SourceControl: fatal: E:/Program Files/Epic Games/UE_4.18/Engine/Content/EngineSky/BP_Sky_Sphere.uasset: 'E:/Program Files/Epic Games/UE_4.18/Engine/Content/EngineSky/BP_Sky_Sphere.uasset' is outside repository
[2017.11.12-00.01.35:748][832]SourceControl: fatal: E:/Program Files/Epic Games/UE_4.18/Engine/Content/BasicShapes/BasicShapeMaterial.uasset: 'E:/Program Files/Epic Games/UE_4.18/Engine/Content/BasicShapes/BasicShapeMaterial.uasset' is outside repository
[2017.11.12-00.01.35:749][832]SourceControl: fatal: E:/Program Files/Epic Games/UE_4.18/Engine/Content/EngineMaterials/AntiAliasedTextMaterialTranslucent.uasset: 'E:/Program Files/Epic Games/UE_4.18/Engine/Content/EngineMaterials/AntiAliasedTextMaterialTranslucent.uasset' is outside repository
[2017.11.12-00.01.35:749][832]SourceControl: fatal: E:/Program Files/Epic Games/UE_4.18/Engine/Content/MapTemplates/Sky/DaylightAmbientCubemap.uasset: 'E:/Program Files/Epic Games/UE_4.18/Engine/Content/MapTemplates/Sky/DaylightAmbientCubemap.uasset' is outside repository
[2017.11.12-00.01.35:749][832]SourceControl: fatal: E:/Program Files/Epic Games/UE_4.18/Engine/Content/EditorMaterials/Thumbnails/SkySphereMaterial.uasset: 'E:/Program Files/Epic Games/UE_4.18/Engine/Content/EditorMaterials/Thumbnails/SkySphereMaterial.uasset' is outside repository
[2017.11.12-00.01.35:749][832]SourceControl: fatal: E:/Program Files/Epic Games/UE_4.18/Engine/Content/EditorMeshes/ColorCalibrator/SM_ColorCalibrator.uasset: 'E:/Program Files/Epic Games/UE_4.18/Engine/Content/EditorMeshes/ColorCalibrator/SM_ColorCalibrator.uasset' is outside repository
[2017.11.12-00.01.35:749][832]SourceControl: fatal: E:/Program Files/Epic Games/UE_4.18/Engine/Content/Functions/Engine_MaterialFunctions01/Opacity/CameraDepthFade.uasset: 'E:/Program Files/Epic Games/UE_4.18/Engine/Content/Functions/Engine_MaterialFunctions01/Opacity/CameraDepthFade.uasset' is outside repository
[2017.11.12-00.01.35:749][832]SourceControl: fatal: E:/Program Files/Epic Games/UE_4.18/Engine/Content/Functions/Engine_MaterialFunctions01/Gradient/RadialGradient.uasset: 'E:/Program Files/Epic Games/UE_4.18/Engine/Content/Functions/Engine_MaterialFunctions01/Gradient/RadialGradient.uasset' is outside repository
[2017.11.12-00.01.35:749][832]SourceControl: fatal: E:/Program Files/Epic Games/UE_4.18/Engine/Content/EngineFonts/RobotoDistanceField.uasset: 'E:/Program Files/Epic Games/UE_4.18/Engine/Content/EngineFonts/RobotoDistanceField.uasset' is outside repository
[2017.11.12-00.01.35:749][832]SourceControl: fatal: E:/Program Files/Epic Games/UE_4.18/Engine/Content/Functions/Engine_MaterialFunctions03/Procedurals/ComputeFilterWidth.uasset: 'E:/Program Files/Epic Games/UE_4.18/Engine/Content/Functions/Engine_MaterialFunctions03/Procedurals/ComputeFilterWidth.uasset' is outside repository
[2017.11.12-00.01.35:877][832]SourceControl: Error: error: cannot pull with rebase: You have unstaged changes.
[2017.11.12-00.01.35:877][832]SourceControl: Error: error: please commit or stash them.
[2017.11.12-00.01.35:879][832]LightingResults: New page: Lighting Build
[2017.11.12-00.01.35:880][832]MapCheck: New page: Map Check
[2017.11.12-00.01.35:880][832]LightingResults: New page: Lighting Build
[2017.11.12-00.01.35:893][832]LogAIModule: Creating AISystem for world Untitled
[2017.11.12-00.01.35:894][832]LoadErrors: New page: New Map
[2017.11.12-00.01.36:033][832]LogUObjectGlobals: Display: ReloadPackage failed to find a replacement object for 'Default__SideScrollerCharacter_C:CollisionCylinder.BodySetup_0' (transient) in the new package '/Game/SideScrollerBP/Blueprints/SideScrollerCharacter'. Any existing references to this object will be nulled out.
[2017.11.12-00.01.36:204][832]LogAIModule: Creating AISystem for world SideScrollerExampleMap
[2017.11.12-00.01.36:221][832]Cmd: MAP LOAD FILE="C:/Users/User/Desktop/codeday/CodeDayFall2017/Content/SideScrollerBP/Maps/SideScrollerExampleMap.umap" TEMPLATE=0 SHOWPROGRESS=1 FEATURELEVEL=3
[2017.11.12-00.01.36:221][832]LightingResults: New page: Lighting Build
[2017.11.12-00.01.36:221][832]LoadErrors: New page: Loading map: SideScrollerExampleMap.umap
[2017.11.12-00.01.36:221][832]MapCheck: New page: Map Check
[2017.11.12-00.01.36:221][832]LightingResults: New page: Lighting Build
[2017.11.12-00.01.36:232][832]LogEditorServer: Finished looking for orphan Actors (0.000 secs)
[2017.11.12-00.01.36:257][832]Cmd: MAP CHECKDEP NOCLEARLOG
[2017.11.12-00.01.36:283][832]MapCheck: Map check complete: 0 Error(s), 0 Warning(s), took 26.658ms to complete.
[2017.11.12-00.01.36:284][832]LogFileHelpers: Loading map 'SideScrollerExampleMap' took 0.064
[2017.11.12-00.01.56:172][545]SourceControl: fatal: E:/Program Files/Epic Games/UE_4.18/Engine/Content/Functions/Engine_MaterialFunctions02/Utility/BlendAngleCorrectedNormals.uasset: 'E:/Program Files/Epic Games/UE_4.18/Engine/Content/Functions/Engine_MaterialFunctions02/Utility/BlendAngleCorrectedNormals.uasset' is outside repository
[2017.11.12-00.01.56:172][545]SourceControl: fatal: E:/Program Files/Epic Games/UE_4.18/Engine/Content/Functions/MaterialLayerFunctions/MatLayerBlend_NormalBlend.uasset: 'E:/Program Files/Epic Games/UE_4.18/Engine/Content/Functions/MaterialLayerFunctions/MatLayerBlend_NormalBlend.uasset' is outside repository
[2017.11.12-00.01.56:172][545]SourceControl: fatal: E:/Program Files/Epic Games/UE_4.18/Engine/Content/EditorBlueprintResources/StandardMacros.uasset: 'E:/Program Files/Epic Games/UE_4.18/Engine/Content/EditorBlueprintResources/StandardMacros.uasset' is outside repository
[2017.11.12-00.01.56:172][545]SourceControl: fatal: E:/Program Files/Epic Games/UE_4.18/Engine/Content/EngineSky/BP_Sky_Sphere.uasset: 'E:/Program Files/Epic Games/UE_4.18/Engine/Content/EngineSky/BP_Sky_Sphere.uasset' is outside repository
[2017.11.12-00.01.56:172][545]SourceControl: fatal: E:/Program Files/Epic Games/UE_4.18/Engine/Content/BasicShapes/BasicShapeMaterial.uasset: 'E:/Program Files/Epic Games/UE_4.18/Engine/Content/BasicShapes/BasicShapeMaterial.uasset' is outside repository
[2017.11.12-00.01.56:172][545]SourceControl: fatal: E:/Program Files/Epic Games/UE_4.18/Engine/Content/EngineMaterials/AntiAliasedTextMaterialTranslucent.uasset: 'E:/Program Files/Epic Games/UE_4.18/Engine/Content/EngineMaterials/AntiAliasedTextMaterialTranslucent.uasset' is outside repository
[2017.11.12-00.01.56:172][545]SourceControl: fatal: E:/Program Files/Epic Games/UE_4.18/Engine/Content/MapTemplates/Sky/DaylightAmbientCubemap.uasset: 'E:/Program Files/Epic Games/UE_4.18/Engine/Content/MapTemplates/Sky/DaylightAmbientCubemap.uasset' is outside repository
[2017.11.12-00.01.56:172][545]SourceControl: fatal: E:/Program Files/Epic Games/UE_4.18/Engine/Content/EditorMaterials/Thumbnails/SkySphereMaterial.uasset: 'E:/Program Files/Epic Games/UE_4.18/Engine/Content/EditorMaterials/Thumbnails/SkySphereMaterial.uasset' is outside repository
[2017.11.12-00.01.56:172][545]SourceControl: fatal: E:/Program Files/Epic Games/UE_4.18/Engine/Content/EditorMeshes/ColorCalibrator/SM_ColorCalibrator.uasset: 'E:/Program Files/Epic Games/UE_4.18/Engine/Content/EditorMeshes/ColorCalibrator/SM_ColorCalibrator.uasset' is outside repository
[2017.11.12-00.01.56:172][545]SourceControl: fatal: E:/Program Files/Epic Games/UE_4.18/Engine/Content/Functions/Engine_MaterialFunctions01/Opacity/CameraDepthFade.uasset: 'E:/Program Files/Epic Games/UE_4.18/Engine/Content/Functions/Engine_MaterialFunctions01/Opacity/CameraDepthFade.uasset' is outside repository
[2017.11.12-00.01.56:172][545]SourceControl: fatal: E:/Program Files/Epic Games/UE_4.18/Engine/Content/Functions/Engine_MaterialFunctions01/Gradient/RadialGradient.uasset: 'E:/Program Files/Epic Games/UE_4.18/Engine/Content/Functions/Engine_MaterialFunctions01/Gradient/RadialGradient.uasset' is outside repository
[2017.11.12-00.01.56:172][545]SourceControl: fatal: E:/Program Files/Epic Games/UE_4.18/Engine/Content/EngineFonts/RobotoDistanceField.uasset: 'E:/Program Files/Epic Games/UE_4.18/Engine/Content/EngineFonts/RobotoDistanceField.uasset' is outside repository
[2017.11.12-00.01.56:172][545]SourceControl: fatal: E:/Program Files/Epic Games/UE_4.18/Engine/Content/Functions/Engine_MaterialFunctions03/Procedurals/ComputeFilterWidth.uasset: 'E:/Program Files/Epic Games/UE_4.18/Engine/Content/Functions/Engine_MaterialFunctions03/Procedurals/ComputeFilterWidth.uasset' is outside repository
[2017.11.12-00.01.56:358][545]SourceControl: Error: error: cannot pull with rebase: You have unstaged changes.
[2017.11.12-00.01.56:358][545]SourceControl: Error: error: please commit or stash them.
[2017.11.12-00.01.56:361][545]LightingResults: New page: Lighting Build
[2017.11.12-00.01.56:362][545]MapCheck: New page: Map Check
[2017.11.12-00.01.56:362][545]LightingResults: New page: Lighting Build
[2017.11.12-00.01.56:371][545]LogAIModule: Creating AISystem for world Untitled
[2017.11.12-00.01.56:373][545]LoadErrors: New page: New Map
[2017.11.12-00.01.56:497][545]LogUObjectGlobals: Display: ReloadPackage failed to find a replacement object for 'Default__SideScrollerCharacter_C:CollisionCylinder.BodySetup_0' (transient) in the new package '/Game/SideScrollerBP/Blueprints/SideScrollerCharacter'. Any existing references to this object will be nulled out.
[2017.11.12-00.01.56:675][545]LogAIModule: Creating AISystem for world SideScrollerExampleMap
[2017.11.12-00.01.56:692][545]Cmd: MAP LOAD FILE="C:/Users/User/Desktop/codeday/CodeDayFall2017/Content/SideScrollerBP/Maps/SideScrollerExampleMap.umap" TEMPLATE=0 SHOWPROGRESS=1 FEATURELEVEL=3
[2017.11.12-00.01.56:693][545]LightingResults: New page: Lighting Build
[2017.11.12-00.01.56:693][545]LoadErrors: New page: Loading map: SideScrollerExampleMap.umap
[2017.11.12-00.01.56:693][545]MapCheck: New page: Map Check
[2017.11.12-00.01.56:693][545]LightingResults: New page: Lighting Build
[2017.11.12-00.01.56:703][545]LogEditorServer: Finished looking for orphan Actors (0.000 secs)
[2017.11.12-00.01.56:729][545]Cmd: MAP CHECKDEP NOCLEARLOG
[2017.11.12-00.01.56:755][545]MapCheck: Map check complete: 0 Error(s), 0 Warning(s), took 25.882ms to complete.
[2017.11.12-00.01.56:755][545]LogFileHelpers: Loading map 'SideScrollerExampleMap' took 0.063
[2017.11.12-00.04.55:297][613]SourceControl: On branch master
[2017.11.12-00.04.55:297][613]SourceControl: Your branch is behind 'origin/master' by 9 commits, and can be fast-forwarded.
[2017.11.12-00.04.55:297][613]SourceControl:   (use "git pull" to update your local branch)
[2017.11.12-00.04.55:297][613]SourceControl: Changes not staged for commit:
[2017.11.12-00.04.55:297][613]SourceControl:   (use "git add <file>..." to update what will be committed)
[2017.11.12-00.04.55:297][613]SourceControl:   (use "git checkout -- <file>..." to discard changes in working directory)
[2017.11.12-00.04.55:297][613]SourceControl: 	modified:   Content/SideScrollerBP/Maps/SideScrollerExampleMap.umap
[2017.11.12-00.04.55:297][613]SourceControl: 	modified:   Content/SideScrollerBP/Maps/SideScrollerExampleMap_BuiltData.uasset
[2017.11.12-00.04.55:297][613]SourceControl: 	modified:   Intermediate/AssetRegistryCache/c90e3f55.bin
[2017.11.12-00.04.55:297][613]SourceControl: 	modified:   Intermediate/CachedAssetRegistry.bin
[2017.11.12-00.04.55:297][613]SourceControl: 	modified:   Saved/Config/Windows/SourceControlSettings.ini
[2017.11.12-00.04.55:297][613]SourceControl: 	modified:   Saved/Logs/Code_Day_Fall_2017.log
[2017.11.12-00.04.55:297][613]SourceControl: no changes added to commit (use "git add" and/or "git commit -a")
